2022-10-19 15:54:14,088 [INFO] com.persistent.pom.PomToolApplication [main] Starting PomToolApplication using Java 17.0.2 on PSL-H357XM3 with PID 15928 (D:\PERSISTENT\POM\pom\pom-tool\target\classes started by sandeep_madhiri in D:\PERSISTENT\POM\pom\pom-tool) 
2022-10-19 15:54:14,089 [INFO] com.persistent.pom.PomToolApplication [main] No active profile set, falling back to 1 default profile: "default" 
2022-10-19 15:54:14,854 [INFO] org.springframework.data.repository.config.RepositoryConfigurationDelegate [main] Bootstrapping Spring Data JPA repositories in DEFAULT mode. 
2022-10-19 15:54:14,932 [INFO] org.springframework.data.repository.config.RepositoryConfigurationDelegate [main] Finished Spring Data repository scanning in 71 ms. Found 8 JPA repository interfaces. 
2022-10-19 15:54:15,378 [INFO] org.springframework.boot.web.embedded.tomcat.TomcatWebServer [main] Tomcat initialized with port(s): 8080 (http) 
2022-10-19 15:54:15,385 [INFO] org.apache.catalina.core.StandardService [main] Starting service [Tomcat] 
2022-10-19 15:54:15,385 [INFO] org.apache.catalina.core.StandardEngine [main] Starting Servlet engine: [Apache Tomcat/9.0.65] 
2022-10-19 15:54:15,684 [INFO] org.apache.catalina.core.ContainerBase.[Tomcat].[localhost].[/pom] [main] Initializing Spring embedded WebApplicationContext 
2022-10-19 15:54:15,684 [INFO] org.springframework.boot.web.servlet.context.ServletWebServerApplicationContext [main] Root WebApplicationContext: initialization completed in 1559 ms 
2022-10-19 15:54:15,827 [INFO] com.zaxxer.hikari.HikariDataSource [main] pom2 - Starting... 
2022-10-19 15:54:16,118 [INFO] com.zaxxer.hikari.HikariDataSource [main] pom2 - Start completed. 
2022-10-19 15:54:16,152 [INFO] org.hibernate.jpa.internal.util.LogHelper [main] HHH000204: Processing PersistenceUnitInfo [name: default] 
2022-10-19 15:54:16,185 [INFO] org.hibernate.Version [main] HHH000412: Hibernate ORM core version 5.6.11.Final 
2022-10-19 15:54:16,373 [INFO] org.hibernate.annotations.common.Version [main] HCANN000001: Hibernate Commons Annotations {5.1.2.Final} 
2022-10-19 15:54:16,451 [INFO] org.hibernate.dialect.Dialect [main] HHH000400: Using dialect: org.hibernate.dialect.MySQL8Dialect 
2022-10-19 15:54:17,170 [INFO] org.hibernate.engine.transaction.jta.platform.internal.JtaPlatformInitiator [main] HHH000490: Using JtaPlatform implementation: [org.hibernate.engine.transaction.jta.platform.internal.NoJtaPlatform] 
2022-10-19 15:54:17,181 [INFO] org.springframework.orm.jpa.LocalContainerEntityManagerFactoryBean [main] Initialized JPA EntityManagerFactory for persistence unit 'default' 
2022-10-19 15:54:17,726 [WARN] org.springframework.boot.autoconfigure.orm.jpa.JpaBaseConfiguration$JpaWebConfiguration [main] spring.jpa.open-in-view is enabled by default. Therefore, database queries may be performed during view rendering. Explicitly configure spring.jpa.open-in-view to disable this warning 
2022-10-19 15:54:18,085 [INFO] org.springframework.boot.web.embedded.tomcat.TomcatWebServer [main] Tomcat started on port(s): 8080 (http) with context path '/pom' 
2022-10-19 15:54:18,696 [INFO] com.persistent.pom.PomToolApplication [main] Started PomToolApplication in 4.917 seconds (JVM running for 6.249) 
2022-10-19 15:55:26,623 [INFO] org.springframework.boot.admin.SpringApplicationAdminMXBeanRegistrar$SpringApplicationAdmin [RMI TCP Connection(8)-127.0.0.1] Application shutdown requested. 
2022-10-19 15:55:26,653 [INFO] org.apache.catalina.core.StandardService [RMI TCP Connection(8)-127.0.0.1] Stopping service [Tomcat] 
2022-10-19 15:55:26,669 [INFO] org.springframework.orm.jpa.LocalContainerEntityManagerFactoryBean [RMI TCP Connection(8)-127.0.0.1] Closing JPA EntityManagerFactory for persistence unit 'default' 
2022-10-19 15:55:26,670 [INFO] com.zaxxer.hikari.HikariDataSource [RMI TCP Connection(8)-127.0.0.1] pom2 - Shutdown initiated... 
2022-10-19 15:55:26,684 [INFO] com.zaxxer.hikari.HikariDataSource [RMI TCP Connection(8)-127.0.0.1] pom2 - Shutdown completed. 
2022-10-19 15:55:38,771 [INFO] com.persistent.pom.PomToolApplication [main] Starting PomToolApplication using Java 17.0.2 on PSL-H357XM3 with PID 13796 (D:\PERSISTENT\POM\pom\pom-tool\target\classes started by sandeep_madhiri in D:\PERSISTENT\POM\pom\pom-tool) 
2022-10-19 15:55:38,773 [INFO] com.persistent.pom.PomToolApplication [main] No active profile set, falling back to 1 default profile: "default" 
2022-10-19 15:55:39,549 [INFO] org.springframework.data.repository.config.RepositoryConfigurationDelegate [main] Bootstrapping Spring Data JPA repositories in DEFAULT mode. 
2022-10-19 15:55:39,648 [INFO] org.springframework.data.repository.config.RepositoryConfigurationDelegate [main] Finished Spring Data repository scanning in 89 ms. Found 8 JPA repository interfaces. 
2022-10-19 15:55:40,182 [INFO] org.springframework.boot.web.embedded.tomcat.TomcatWebServer [main] Tomcat initialized with port(s): 8080 (http) 
2022-10-19 15:55:40,190 [INFO] org.apache.catalina.core.StandardService [main] Starting service [Tomcat] 
2022-10-19 15:55:40,190 [INFO] org.apache.catalina.core.StandardEngine [main] Starting Servlet engine: [Apache Tomcat/9.0.65] 
2022-10-19 15:55:40,423 [INFO] org.apache.catalina.core.ContainerBase.[Tomcat].[localhost].[/pom] [main] Initializing Spring embedded WebApplicationContext 
2022-10-19 15:55:40,424 [INFO] org.springframework.boot.web.servlet.context.ServletWebServerApplicationContext [main] Root WebApplicationContext: initialization completed in 1615 ms 
2022-10-19 15:55:40,520 [INFO] com.zaxxer.hikari.HikariDataSource [main] pom2 - Starting... 
2022-10-19 15:55:40,781 [INFO] com.zaxxer.hikari.HikariDataSource [main] pom2 - Start completed. 
2022-10-19 15:55:40,813 [INFO] org.hibernate.jpa.internal.util.LogHelper [main] HHH000204: Processing PersistenceUnitInfo [name: default] 
2022-10-19 15:55:40,854 [INFO] org.hibernate.Version [main] HHH000412: Hibernate ORM core version 5.6.11.Final 
2022-10-19 15:55:40,989 [INFO] org.hibernate.annotations.common.Version [main] HCANN000001: Hibernate Commons Annotations {5.1.2.Final} 
2022-10-19 15:55:41,066 [INFO] org.hibernate.dialect.Dialect [main] HHH000400: Using dialect: org.hibernate.dialect.MySQL8Dialect 
2022-10-19 15:55:41,620 [INFO] org.hibernate.engine.transaction.jta.platform.internal.JtaPlatformInitiator [main] HHH000490: Using JtaPlatform implementation: [org.hibernate.engine.transaction.jta.platform.internal.NoJtaPlatform] 
2022-10-19 15:55:41,630 [INFO] org.springframework.orm.jpa.LocalContainerEntityManagerFactoryBean [main] Initialized JPA EntityManagerFactory for persistence unit 'default' 
2022-10-19 15:55:42,173 [WARN] org.springframework.boot.autoconfigure.orm.jpa.JpaBaseConfiguration$JpaWebConfiguration [main] spring.jpa.open-in-view is enabled by default. Therefore, database queries may be performed during view rendering. Explicitly configure spring.jpa.open-in-view to disable this warning 
2022-10-19 15:55:42,576 [INFO] org.springframework.boot.web.embedded.tomcat.TomcatWebServer [main] Tomcat started on port(s): 8080 (http) with context path '/pom' 
2022-10-19 15:55:43,125 [INFO] com.persistent.pom.PomToolApplication [main] Started PomToolApplication in 4.679 seconds (JVM running for 5.787) 
2022-10-19 15:55:45,270 [INFO] org.apache.catalina.core.ContainerBase.[Tomcat].[localhost].[/pom] [http-nio-8080-exec-2] Initializing Spring DispatcherServlet 'dispatcherServlet' 
2022-10-19 15:55:45,270 [INFO] org.springframework.web.servlet.DispatcherServlet [http-nio-8080-exec-2] Initializing Servlet 'dispatcherServlet' 
2022-10-19 15:55:45,271 [INFO] org.springframework.web.servlet.DispatcherServlet [http-nio-8080-exec-2] Completed initialization in 1 ms 
2022-10-19 15:55:45,304 [INFO] com.persistent.pom.controller.EmployeeController [http-nio-8080-exec-2] Entered Employee controller to get employees list :: method = getEmployees 
2022-10-19 15:55:45,491 [INFO] com.persistent.pom.controller.EmployeeController [http-nio-8080-exec-2] Exit Employee controller by fetching list of employees :: method = getEmployees  
2022-10-19 15:57:11,809 [INFO] org.springframework.boot.admin.SpringApplicationAdminMXBeanRegistrar$SpringApplicationAdmin [RMI TCP Connection(10)-127.0.0.1] Application shutdown requested. 
2022-10-19 15:57:11,824 [INFO] org.apache.catalina.core.StandardService [RMI TCP Connection(10)-127.0.0.1] Stopping service [Tomcat] 
2022-10-19 15:57:11,825 [INFO] org.apache.catalina.core.ContainerBase.[Tomcat].[localhost].[/pom] [RMI TCP Connection(10)-127.0.0.1] Destroying Spring FrameworkServlet 'dispatcherServlet' 
2022-10-19 15:57:11,833 [INFO] org.springframework.orm.jpa.LocalContainerEntityManagerFactoryBean [RMI TCP Connection(10)-127.0.0.1] Closing JPA EntityManagerFactory for persistence unit 'default' 
2022-10-19 15:57:11,835 [INFO] com.zaxxer.hikari.HikariDataSource [RMI TCP Connection(10)-127.0.0.1] pom2 - Shutdown initiated... 
2022-10-19 15:57:11,843 [INFO] com.zaxxer.hikari.HikariDataSource [RMI TCP Connection(10)-127.0.0.1] pom2 - Shutdown completed. 
